<?xml version="1.0" encoding="UTF-8"?>
<testng-results ignored="0" total="3" passed="3" failed="0" skipped="0">
  <reporter-output>
  </reporter-output>
  <suite started-at="2024-11-13T10:43:47 IST" name="Suite" finished-at="2024-11-13T10:44:32 IST" duration-ms="44506">
    <groups>
    </groups>
    <test started-at="2024-11-13T10:43:47 IST" name="Test2" finished-at="2024-11-13T10:44:30 IST" duration-ms="42547">
      <class name="Selenium.Selenium.browser">
        <test-method is-config="true" signature="crossbrowser(java.lang.String)[pri:0, instance:Selenium.Selenium.browser@4e268090]" started-at="2024-11-13T10:43:47 IST" name="crossbrowser" finished-at="2024-11-13T10:44:25 IST" duration-ms="37461" status="PASS">
          <params>
            <param index="0">
              <value>
                <![CDATA[firefox]]>
              </value>
            </param>
          </params>
          <reporter-output>
          </reporter-output>
        </test-method> <!-- crossbrowser -->
        <test-method signature="uploadFile()[pri:0, instance:Selenium.Selenium.browser@4e268090]" started-at="2024-11-13T10:44:25 IST" name="uploadFile" finished-at="2024-11-13T10:44:25 IST" duration-ms="117" status="PASS">
          <reporter-output>
          </reporter-output>
        </test-method> <!-- uploadFile -->
        <test-method is-config="true" signature="close_browser()[pri:0, instance:Selenium.Selenium.browser@4e268090]" started-at="2024-11-13T10:44:25 IST" name="close_browser" finished-at="2024-11-13T10:44:30 IST" duration-ms="4896" status="PASS">
          <reporter-output>
          </reporter-output>
        </test-method> <!-- close_browser -->
      </class> <!-- Selenium.Selenium.browser -->
    </test> <!-- Test2 -->
    <test started-at="2024-11-13T10:43:47 IST" name="Test1" finished-at="2024-11-13T10:44:30 IST" duration-ms="42853">
      <class name="Selenium.Selenium.browser">
        <test-method is-config="true" signature="crossbrowser(java.lang.String)[pri:0, instance:Selenium.Selenium.browser@672872e1]" started-at="2024-11-13T10:43:47 IST" name="crossbrowser" finished-at="2024-11-13T10:44:20 IST" duration-ms="32931" status="PASS">
          <params>
            <param index="0">
              <value>
                <![CDATA[chrome]]>
              </value>
            </param>
          </params>
          <reporter-output>
          </reporter-output>
        </test-method> <!-- crossbrowser -->
        <test-method signature="uploadFile()[pri:0, instance:Selenium.Selenium.browser@672872e1]" started-at="2024-11-13T10:44:20 IST" name="uploadFile" finished-at="2024-11-13T10:44:20 IST" duration-ms="217" status="PASS">
          <reporter-output>
          </reporter-output>
        </test-method> <!-- uploadFile -->
        <test-method is-config="true" signature="close_browser()[pri:0, instance:Selenium.Selenium.browser@672872e1]" started-at="2024-11-13T10:44:20 IST" name="close_browser" finished-at="2024-11-13T10:44:30 IST" duration-ms="9569" status="PASS">
          <reporter-output>
          </reporter-output>
        </test-method> <!-- close_browser -->
      </class> <!-- Selenium.Selenium.browser -->
    </test> <!-- Test1 -->
    <test started-at="2024-11-13T10:43:47 IST" name="Test3" finished-at="2024-11-13T10:44:32 IST" duration-ms="44419">
      <class name="Selenium.Selenium.browser">
        <test-method is-config="true" signature="crossbrowser(java.lang.String)[pri:0, instance:Selenium.Selenium.browser@2beee7ff]" started-at="2024-11-13T10:43:47 IST" name="crossbrowser" finished-at="2024-11-13T10:44:27 IST" duration-ms="39549" status="PASS">
          <params>
            <param index="0">
              <value>
                <![CDATA[edge]]>
              </value>
            </param>
          </params>
          <reporter-output>
          </reporter-output>
        </test-method> <!-- crossbrowser -->
        <test-method signature="uploadFile()[pri:0, instance:Selenium.Selenium.browser@2beee7ff]" started-at="2024-11-13T10:44:27 IST" name="uploadFile" finished-at="2024-11-13T10:44:27 IST" duration-ms="449" status="PASS">
          <reporter-output>
          </reporter-output>
        </test-method> <!-- uploadFile -->
        <test-method is-config="true" signature="close_browser()[pri:0, instance:Selenium.Selenium.browser@2beee7ff]" started-at="2024-11-13T10:44:27 IST" name="close_browser" finished-at="2024-11-13T10:44:32 IST" duration-ms="4403" status="PASS">
          <reporter-output>
          </reporter-output>
        </test-method> <!-- close_browser -->
      </class> <!-- Selenium.Selenium.browser -->
    </test> <!-- Test3 -->
  </suite> <!-- Suite -->
</testng-results>
